<?xml version="1.0" encoding="UTF-8"?>
<!-- Generated by org.testng.reporters.JUnitXMLReporter -->
<testsuite ignored="1" hostname="COG-SYS-082" failures="0" tests="1" name="Default test" time="52.537" errors="0" timestamp="2024-04-01T12:53:21 IST">
  <testcase classname="testcases.Announcement" name="ValidationCheck" time="43.586"/>
  <testcase classname="testcases.Announcement" name="AddSearchDeleteAnnoncement" time="0.0">
    <ignored/>
  </testcase> <!-- AddSearchDeleteAnnoncement -->
</testsuite> <!-- Default test -->
