<?xml version="1.0" encoding="UTF-8"?>
<!-- Generated by org.testng.reporters.JUnitXMLReporter -->
<testsuite ignored="1" hostname="COG-SYS-045" failures="0" tests="1" name="Test" time="116.818" errors="0" timestamp="2024-02-01T17:36:46 IST">
  <testcase classname="testcases.Announcement" name="AddSearchDeleteAnnouncement" time="101.982"/>
  <testcase classname="testcases.Announcement" name="ValidationCheck" time="0.0">
    <ignored/>
  </testcase> <!-- ValidationCheck -->
</testsuite> <!-- Test -->
