<?xml version="1.0" encoding="UTF-8"?>
<testng-results ignored="1" total="2" passed="1" failed="0" skipped="0">
  <reporter-output>
  </reporter-output>
  <suite started-at="2024-04-01T12:52:29 IST" name="Default suite" finished-at="2024-04-01T12:53:21 IST" duration-ms="52537">
    <groups>
    </groups>
    <test started-at="2024-04-01T12:52:29 IST" name="Default test" finished-at="2024-04-01T12:53:21 IST" duration-ms="52537">
      <class name="testcases.Announcement">
        <test-method is-config="true" signature="setup()[pri:0, instance:testcases.Announcement@2ea41516]" started-at="2024-04-01T12:52:29 IST" name="setup" finished-at="2024-04-01T12:52:38 IST" duration-ms="8782" status="PASS">
          <reporter-output>
          </reporter-output>
        </test-method> <!-- setup -->
        <test-method signature="ValidationCheck()[pri:1, instance:testcases.Announcement@2ea41516]" started-at="2024-04-01T12:52:38 IST" name="ValidationCheck" finished-at="2024-04-01T12:53:21 IST" duration-ms="43586" status="PASS">
          <reporter-output>
          </reporter-output>
        </test-method> <!-- ValidationCheck -->
        <test-method is-config="true" signature="closeBrowser()[pri:0, instance:testcases.Announcement@2ea41516]" started-at="2024-04-01T12:53:21 IST" name="closeBrowser" finished-at="2024-04-01T12:53:21 IST" duration-ms="134" status="PASS">
          <reporter-output>
          </reporter-output>
        </test-method> <!-- closeBrowser -->
      </class> <!-- testcases.Announcement -->
    </test> <!-- Default test -->
  </suite> <!-- Default suite -->
</testng-results>
